<?xml version="1.0" encoding="UTF-8"?>
<!-- Generated by org.testng.reporters.JUnitXMLReporter -->
<testsuite ignored="0" hostname="DESKTOP-VUEJM7J" failures="0" tests="1" name="Test" time="0.102" errors="0" timestamp="2022-09-26T13:57:10 IST">
  <testcase classname="testcases.Base_Test" name="@BeforeClass OpenApp" time="0.001">
    <failure type="java.lang.NullPointerException" message="Cannot invoke &amp;quot;java.util.Properties.getProperty(String)&amp;quot; because &amp;quot;this.p&amp;quot; is null">
      <![CDATA[java.lang.NullPointerException: Cannot invoke "java.util.Properties.getProperty(String)" because "this.p" is null
at utilites.Config_DataProvider.getBrowserFromconfig(Config_DataProvider.java:19)
at testcases.Base_Test.OpenApp(Base_Test.java:41)
at java.base/java.util.ArrayList.forEach(ArrayList.java:1511)
... Removed 25 stack frames]]>
    </failure>
  </testcase> <!-- @BeforeClass OpenApp -->
  <testcase classname="testcases.Base_Test" name="@AfterMethod teardownMethod" time="-1.664180830519E9">
    <skipped/>
  </testcase> <!-- @AfterMethod teardownMethod -->
  <testcase classname="testcases.Base_Test" name="@AfterClass teardown" time="-1.664180830528E9">
    <skipped/>
  </testcase> <!-- @AfterClass teardown -->
  <testcase classname="testcases.putItemtocart" name="login" time="0.0">
    <skipped/>
  </testcase> <!-- login -->
</testsuite> <!-- Test -->
